[0.005s] Invoking command in '/home/lucas/ws_mobile/build/mobile_robot': CMAKE_PREFIX_PATH=${CMAKE_PREFIX_PATH}:/opt/ros/jazzy DEBUGINFOD_URLS=https://debuginfod.ubuntu.com /usr/bin/cmake /home/lucas/ws_mobile/src/mobile_robot -DCMAKE_INSTALL_PREFIX=/home/lucas/ws_mobile/install/mobile_robot
[0.164s] -- The C compiler identification is GNU 13.2.0
[0.307s] -- The CXX compiler identification is GNU 13.2.0
[0.339s] -- Detecting C compiler ABI info
[0.515s] -- Detecting C compiler ABI info - done
[0.528s] -- Check for working C compiler: /usr/bin/cc - skipped
[0.529s] -- Detecting C compile features
[0.529s] -- Detecting C compile features - done
[0.540s] -- Detecting CXX compiler ABI info
[0.689s] -- Detecting CXX compiler ABI info - done
[0.698s] -- Check for working CXX compiler: /usr/bin/c++ - skipped
[0.698s] -- Detecting CXX compile features
[0.699s] -- Detecting CXX compile features - done
[0.706s] -- Found ament_cmake: 2.5.2 (/opt/ros/jazzy/share/ament_cmake/cmake)
[0.811s] -- Found Python3: /usr/bin/python3 (found version "3.12.3") found components: Interpreter 
[0.900s] -- Found ament_lint_auto: 0.17.1 (/opt/ros/jazzy/share/ament_lint_auto/cmake)
[0.976s] -- Added test 'lint_cmake' to check CMake code style
[0.977s] -- Added test 'xmllint' to check XML markup files
[0.978s] -- Configuring done (1.0s)
[0.979s] -- Generating done (0.0s)
[0.980s] -- Build files have been written to: /home/lucas/ws_mobile/build/mobile_robot
[0.982s] Invoked command in '/home/lucas/ws_mobile/build/mobile_robot' returned '0': CMAKE_PREFIX_PATH=${CMAKE_PREFIX_PATH}:/opt/ros/jazzy DEBUGINFOD_URLS=https://debuginfod.ubuntu.com /usr/bin/cmake /home/lucas/ws_mobile/src/mobile_robot -DCMAKE_INSTALL_PREFIX=/home/lucas/ws_mobile/install/mobile_robot
[0.983s] Invoking command in '/home/lucas/ws_mobile/build/mobile_robot': CMAKE_PREFIX_PATH=${CMAKE_PREFIX_PATH}:/opt/ros/jazzy DEBUGINFOD_URLS=https://debuginfod.ubuntu.com /usr/bin/cmake --build /home/lucas/ws_mobile/build/mobile_robot -- -j20 -l20
[1.015s] Invoked command in '/home/lucas/ws_mobile/build/mobile_robot' returned '0': CMAKE_PREFIX_PATH=${CMAKE_PREFIX_PATH}:/opt/ros/jazzy DEBUGINFOD_URLS=https://debuginfod.ubuntu.com /usr/bin/cmake --build /home/lucas/ws_mobile/build/mobile_robot -- -j20 -l20
[1.075s] Invoking command in '/home/lucas/ws_mobile/build/mobile_robot': CMAKE_PREFIX_PATH=${CMAKE_PREFIX_PATH}:/opt/ros/jazzy DEBUGINFOD_URLS=https://debuginfod.ubuntu.com /usr/bin/cmake --install /home/lucas/ws_mobile/build/mobile_robot
[1.086s] -- Install configuration: ""
[1.086s] -- Installing: /home/lucas/ws_mobile/install/mobile_robot/share/ament_index/resource_index/package_run_dependencies/mobile_robot
[1.087s] -- Installing: /home/lucas/ws_mobile/install/mobile_robot/share/ament_index/resource_index/parent_prefix_path/mobile_robot
[1.087s] -- Installing: /home/lucas/ws_mobile/install/mobile_robot/share/mobile_robot/environment/ament_prefix_path.sh
[1.087s] -- Installing: /home/lucas/ws_mobile/install/mobile_robot/share/mobile_robot/environment/ament_prefix_path.dsv
[1.087s] -- Installing: /home/lucas/ws_mobile/install/mobile_robot/share/mobile_robot/environment/path.sh
[1.087s] -- Installing: /home/lucas/ws_mobile/install/mobile_robot/share/mobile_robot/environment/path.dsv
[1.087s] -- Installing: /home/lucas/ws_mobile/install/mobile_robot/share/mobile_robot/local_setup.bash
[1.087s] -- Installing: /home/lucas/ws_mobile/install/mobile_robot/share/mobile_robot/local_setup.sh
[1.087s] -- Installing: /home/lucas/ws_mobile/install/mobile_robot/share/mobile_robot/local_setup.zsh
[1.087s] -- Installing: /home/lucas/ws_mobile/install/mobile_robot/share/mobile_robot/local_setup.dsv
[1.087s] -- Installing: /home/lucas/ws_mobile/install/mobile_robot/share/mobile_robot/package.dsv
[1.087s] -- Installing: /home/lucas/ws_mobile/install/mobile_robot/share/ament_index/resource_index/packages/mobile_robot
[1.087s] -- Installing: /home/lucas/ws_mobile/install/mobile_robot/share/mobile_robot/cmake/mobile_robotConfig.cmake
[1.087s] -- Installing: /home/lucas/ws_mobile/install/mobile_robot/share/mobile_robot/cmake/mobile_robotConfig-version.cmake
[1.087s] -- Installing: /home/lucas/ws_mobile/install/mobile_robot/share/mobile_robot/package.xml
[1.088s] Invoked command in '/home/lucas/ws_mobile/build/mobile_robot' returned '0': CMAKE_PREFIX_PATH=${CMAKE_PREFIX_PATH}:/opt/ros/jazzy DEBUGINFOD_URLS=https://debuginfod.ubuntu.com /usr/bin/cmake --install /home/lucas/ws_mobile/build/mobile_robot
