[0.013s] Invoking command in '/home/mene/ws_mobile/build/mobile_robot': CMAKE_PREFIX_PATH=${CMAKE_PREFIX_PATH}:/opt/ros/jazzy /usr/bin/cmake --build /home/mene/ws_mobile/build/mobile_robot -- -j4 -l4
[0.052s] Invoked command in '/home/mene/ws_mobile/build/mobile_robot' returned '0': CMAKE_PREFIX_PATH=${CMAKE_PREFIX_PATH}:/opt/ros/jazzy /usr/bin/cmake --build /home/mene/ws_mobile/build/mobile_robot -- -j4 -l4
[0.082s] Invoking command in '/home/mene/ws_mobile/build/mobile_robot': CMAKE_PREFIX_PATH=${CMAKE_PREFIX_PATH}:/opt/ros/jazzy /usr/bin/cmake --install /home/mene/ws_mobile/build/mobile_robot
[0.090s] -- Install configuration: ""
[0.091s] -- Up-to-date: /home/mene/ws_mobile/install/mobile_robot/share/mobile_robot/launch
[0.091s] -- Installing: /home/mene/ws_mobile/install/mobile_robot/share/mobile_robot/launch/gazebo_model.launch.py
[0.091s] -- Up-to-date: /home/mene/ws_mobile/install/mobile_robot/share/mobile_robot/model
[0.092s] -- Up-to-date: /home/mene/ws_mobile/install/mobile_robot/share/mobile_robot/model/robot.gazebo
[0.092s] -- Up-to-date: /home/mene/ws_mobile/install/mobile_robot/share/mobile_robot/model/robot.xacro
[0.092s] -- Up-to-date: /home/mene/ws_mobile/install/mobile_robot/share/mobile_robot/parameters
[0.092s] -- Up-to-date: /home/mene/ws_mobile/install/mobile_robot/share/mobile_robot/parameters/bridge_parameters.yaml
[0.092s] -- Up-to-date: /home/mene/ws_mobile/install/mobile_robot/share/ament_index/resource_index/package_run_dependencies/mobile_robot
[0.092s] -- Up-to-date: /home/mene/ws_mobile/install/mobile_robot/share/ament_index/resource_index/parent_prefix_path/mobile_robot
[0.093s] -- Up-to-date: /home/mene/ws_mobile/install/mobile_robot/share/mobile_robot/environment/ament_prefix_path.sh
[0.093s] -- Up-to-date: /home/mene/ws_mobile/install/mobile_robot/share/mobile_robot/environment/ament_prefix_path.dsv
[0.093s] -- Up-to-date: /home/mene/ws_mobile/install/mobile_robot/share/mobile_robot/environment/path.sh
[0.094s] -- Up-to-date: /home/mene/ws_mobile/install/mobile_robot/share/mobile_robot/environment/path.dsv
[0.094s] -- Up-to-date: /home/mene/ws_mobile/install/mobile_robot/share/mobile_robot/local_setup.bash
[0.094s] -- Up-to-date: /home/mene/ws_mobile/install/mobile_robot/share/mobile_robot/local_setup.sh
[0.095s] -- Up-to-date: /home/mene/ws_mobile/install/mobile_robot/share/mobile_robot/local_setup.zsh
[0.095s] -- Up-to-date: /home/mene/ws_mobile/install/mobile_robot/share/mobile_robot/local_setup.dsv
[0.095s] -- Installing: /home/mene/ws_mobile/install/mobile_robot/share/mobile_robot/package.dsv
[0.095s] -- Up-to-date: /home/mene/ws_mobile/install/mobile_robot/share/ament_index/resource_index/packages/mobile_robot
[0.097s] -- Up-to-date: /home/mene/ws_mobile/install/mobile_robot/share/mobile_robot/cmake/mobile_robotConfig.cmake
[0.097s] -- Up-to-date: /home/mene/ws_mobile/install/mobile_robot/share/mobile_robot/cmake/mobile_robotConfig-version.cmake
[0.097s] -- Up-to-date: /home/mene/ws_mobile/install/mobile_robot/share/mobile_robot/package.xml
[0.097s] Invoked command in '/home/mene/ws_mobile/build/mobile_robot' returned '0': CMAKE_PREFIX_PATH=${CMAKE_PREFIX_PATH}:/opt/ros/jazzy /usr/bin/cmake --install /home/mene/ws_mobile/build/mobile_robot
