[0.011s] Invoking command in '/home/mene/ws_mobile/build/mobile_robot': CMAKE_PREFIX_PATH=${CMAKE_PREFIX_PATH}:/opt/ros/jazzy /usr/bin/cmake /home/mene/ws_mobile/src/mobile_robot -DCMAKE_INSTALL_PREFIX=/home/mene/ws_mobile/install/mobile_robot
[0.105s] -- The C compiler identification is GNU 13.2.0
[0.485s] -- The CXX compiler identification is GNU 13.2.0
[0.837s] -- Detecting C compiler ABI info
[1.002s] -- Detecting C compiler ABI info - done
[1.009s] -- Check for working C compiler: /usr/bin/cc - skipped
[1.009s] -- Detecting C compile features
[1.009s] -- Detecting C compile features - done
[1.066s] -- Detecting CXX compiler ABI info
[1.241s] -- Detecting CXX compiler ABI info - done
[1.248s] -- Check for working CXX compiler: /usr/bin/c++ - skipped
[1.248s] -- Detecting CXX compile features
[1.248s] -- Detecting CXX compile features - done
[1.251s] -- Found ament_cmake: 2.5.2 (/opt/ros/jazzy/share/ament_cmake/cmake)
[1.361s] -- Found Python3: /usr/bin/python3 (found version "3.12.3") found components: Interpreter 
[1.448s] -- Found ament_lint_auto: 0.17.1 (/opt/ros/jazzy/share/ament_lint_auto/cmake)
[1.528s] -- Added test 'flake8' to check Python code syntax and style conventions
[1.528s] -- Configured 'flake8' exclude dirs and/or files: 
[1.529s] -- Added test 'lint_cmake' to check CMake code style
[1.530s] -- Added test 'pep257' to check Python code against some of the docstring style conventions in PEP 257
[1.531s] -- Added test 'xmllint' to check XML markup files
[1.533s] -- Configuring done (1.5s)
[1.539s] -- Generating done (0.0s)
[1.540s] -- Build files have been written to: /home/mene/ws_mobile/build/mobile_robot
[1.545s] Invoked command in '/home/mene/ws_mobile/build/mobile_robot' returned '0': CMAKE_PREFIX_PATH=${CMAKE_PREFIX_PATH}:/opt/ros/jazzy /usr/bin/cmake /home/mene/ws_mobile/src/mobile_robot -DCMAKE_INSTALL_PREFIX=/home/mene/ws_mobile/install/mobile_robot
[1.545s] Invoking command in '/home/mene/ws_mobile/build/mobile_robot': CMAKE_PREFIX_PATH=${CMAKE_PREFIX_PATH}:/opt/ros/jazzy /usr/bin/cmake --build /home/mene/ws_mobile/build/mobile_robot -- -j8 -l8
[1.572s] Invoked command in '/home/mene/ws_mobile/build/mobile_robot' returned '0': CMAKE_PREFIX_PATH=${CMAKE_PREFIX_PATH}:/opt/ros/jazzy /usr/bin/cmake --build /home/mene/ws_mobile/build/mobile_robot -- -j8 -l8
[1.595s] Invoking command in '/home/mene/ws_mobile/build/mobile_robot': CMAKE_PREFIX_PATH=${CMAKE_PREFIX_PATH}:/opt/ros/jazzy /usr/bin/cmake --install /home/mene/ws_mobile/build/mobile_robot
[1.601s] -- Install configuration: ""
[1.601s] -- Up-to-date: /home/mene/ws_mobile/install/mobile_robot/share/mobile_robot/launch
[1.601s] -- Up-to-date: /home/mene/ws_mobile/install/mobile_robot/share/mobile_robot/launch/gazebo_model.launch.py
[1.601s] -- Up-to-date: /home/mene/ws_mobile/install/mobile_robot/share/mobile_robot/model
[1.601s] -- Installing: /home/mene/ws_mobile/install/mobile_robot/share/mobile_robot/model/robot.xacro
[1.602s] -- Up-to-date: /home/mene/ws_mobile/install/mobile_robot/share/mobile_robot/model/robot.gazebo
[1.602s] -- Up-to-date: /home/mene/ws_mobile/install/mobile_robot/share/mobile_robot/parameters
[1.602s] -- Up-to-date: /home/mene/ws_mobile/install/mobile_robot/share/mobile_robot/parameters/bridge_parameters.yaml
[1.602s] -- Installing: /home/mene/ws_mobile/install/mobile_robot/share/ament_index/resource_index/package_run_dependencies/mobile_robot
[1.602s] -- Installing: /home/mene/ws_mobile/install/mobile_robot/share/ament_index/resource_index/parent_prefix_path/mobile_robot
[1.603s] -- Installing: /home/mene/ws_mobile/install/mobile_robot/share/mobile_robot/environment/ament_prefix_path.sh
[1.603s] -- Installing: /home/mene/ws_mobile/install/mobile_robot/share/mobile_robot/environment/ament_prefix_path.dsv
[1.603s] -- Installing: /home/mene/ws_mobile/install/mobile_robot/share/mobile_robot/environment/path.sh
[1.603s] -- Installing: /home/mene/ws_mobile/install/mobile_robot/share/mobile_robot/environment/path.dsv
[1.603s] -- Installing: /home/mene/ws_mobile/install/mobile_robot/share/mobile_robot/local_setup.bash
[1.604s] -- Installing: /home/mene/ws_mobile/install/mobile_robot/share/mobile_robot/local_setup.sh
[1.604s] -- Installing: /home/mene/ws_mobile/install/mobile_robot/share/mobile_robot/local_setup.zsh
[1.604s] -- Installing: /home/mene/ws_mobile/install/mobile_robot/share/mobile_robot/local_setup.dsv
[1.604s] -- Installing: /home/mene/ws_mobile/install/mobile_robot/share/mobile_robot/package.dsv
[1.605s] -- Installing: /home/mene/ws_mobile/install/mobile_robot/share/ament_index/resource_index/packages/mobile_robot
[1.605s] -- Installing: /home/mene/ws_mobile/install/mobile_robot/share/mobile_robot/cmake/mobile_robotConfig.cmake
[1.605s] -- Installing: /home/mene/ws_mobile/install/mobile_robot/share/mobile_robot/cmake/mobile_robotConfig-version.cmake
[1.605s] -- Up-to-date: /home/mene/ws_mobile/install/mobile_robot/share/mobile_robot/package.xml
[1.606s] Invoked command in '/home/mene/ws_mobile/build/mobile_robot' returned '0': CMAKE_PREFIX_PATH=${CMAKE_PREFIX_PATH}:/opt/ros/jazzy /usr/bin/cmake --install /home/mene/ws_mobile/build/mobile_robot
