[0.014s] Invoking command in '/home/mene/ws_mobile/build/mobile_robot': CMAKE_PREFIX_PATH=${CMAKE_PREFIX_PATH}:/opt/ros/jazzy /usr/bin/cmake /home/mene/ws_mobile/src/mobile_robot -DCMAKE_INSTALL_PREFIX=/home/mene/ws_mobile/install/mobile_robot
[0.034s] -- Found ament_cmake: 2.5.2 (/opt/ros/jazzy/share/ament_cmake/cmake)
[0.189s] -- Found Python3: /usr/bin/python3 (found version "3.12.3") found components: Interpreter 
[0.352s] -- Found ament_lint_auto: 0.17.1 (/opt/ros/jazzy/share/ament_lint_auto/cmake)
[0.503s] -- Added test 'flake8' to check Python code syntax and style conventions
[0.503s] -- Configured 'flake8' exclude dirs and/or files: 
[0.504s] -- Added test 'lint_cmake' to check CMake code style
[0.506s] -- Added test 'pep257' to check Python code against some of the docstring style conventions in PEP 257
[0.508s] -- Added test 'xmllint' to check XML markup files
[0.510s] -- Configuring done (0.5s)
[0.515s] -- Generating done (0.0s)
[0.516s] -- Build files have been written to: /home/mene/ws_mobile/build/mobile_robot
[0.520s] Invoked command in '/home/mene/ws_mobile/build/mobile_robot' returned '0': CMAKE_PREFIX_PATH=${CMAKE_PREFIX_PATH}:/opt/ros/jazzy /usr/bin/cmake /home/mene/ws_mobile/src/mobile_robot -DCMAKE_INSTALL_PREFIX=/home/mene/ws_mobile/install/mobile_robot
[0.522s] Invoking command in '/home/mene/ws_mobile/build/mobile_robot': CMAKE_PREFIX_PATH=${CMAKE_PREFIX_PATH}:/opt/ros/jazzy /usr/bin/cmake --build /home/mene/ws_mobile/build/mobile_robot -- -j4 -l4
[0.560s] Invoked command in '/home/mene/ws_mobile/build/mobile_robot' returned '0': CMAKE_PREFIX_PATH=${CMAKE_PREFIX_PATH}:/opt/ros/jazzy /usr/bin/cmake --build /home/mene/ws_mobile/build/mobile_robot -- -j4 -l4
[0.591s] Invoking command in '/home/mene/ws_mobile/build/mobile_robot': CMAKE_PREFIX_PATH=${CMAKE_PREFIX_PATH}:/opt/ros/jazzy /usr/bin/cmake --install /home/mene/ws_mobile/build/mobile_robot
[0.598s] -- Install configuration: ""
[0.598s] -- Installing: /home/mene/ws_mobile/install/mobile_robot/share/mobile_robot/launch
[0.599s] -- Installing: /home/mene/ws_mobile/install/mobile_robot/share/mobile_robot/launch/gazebo_model.launch.py
[0.599s] -- Installing: /home/mene/ws_mobile/install/mobile_robot/share/mobile_robot/model
[0.600s] -- Installing: /home/mene/ws_mobile/install/mobile_robot/share/mobile_robot/model/robot.gazebo
[0.600s] -- Installing: /home/mene/ws_mobile/install/mobile_robot/share/mobile_robot/model/robot.xacro
[0.601s] -- Installing: /home/mene/ws_mobile/install/mobile_robot/share/mobile_robot/parameters
[0.601s] -- Installing: /home/mene/ws_mobile/install/mobile_robot/share/mobile_robot/parameters/bridge_parameters.yaml
[0.605s] -- Installing: /home/mene/ws_mobile/install/mobile_robot/share/ament_index/resource_index/package_run_dependencies/mobile_robot
[0.606s] -- Installing: /home/mene/ws_mobile/install/mobile_robot/share/ament_index/resource_index/parent_prefix_path/mobile_robot
[0.607s] -- Installing: /home/mene/ws_mobile/install/mobile_robot/share/mobile_robot/environment/ament_prefix_path.sh
[0.607s] -- Installing: /home/mene/ws_mobile/install/mobile_robot/share/mobile_robot/environment/ament_prefix_path.dsv
[0.607s] -- Installing: /home/mene/ws_mobile/install/mobile_robot/share/mobile_robot/environment/path.sh
[0.608s] -- Installing: /home/mene/ws_mobile/install/mobile_robot/share/mobile_robot/environment/path.dsv
[0.608s] -- Installing: /home/mene/ws_mobile/install/mobile_robot/share/mobile_robot/local_setup.bash
[0.608s] -- Installing: /home/mene/ws_mobile/install/mobile_robot/share/mobile_robot/local_setup.sh
[0.608s] -- Installing: /home/mene/ws_mobile/install/mobile_robot/share/mobile_robot/local_setup.zsh
[0.609s] -- Installing: /home/mene/ws_mobile/install/mobile_robot/share/mobile_robot/local_setup.dsv
[0.609s] -- Installing: /home/mene/ws_mobile/install/mobile_robot/share/mobile_robot/package.dsv
[0.609s] -- Installing: /home/mene/ws_mobile/install/mobile_robot/share/ament_index/resource_index/packages/mobile_robot
[0.609s] -- Installing: /home/mene/ws_mobile/install/mobile_robot/share/mobile_robot/cmake/mobile_robotConfig.cmake
[0.609s] -- Installing: /home/mene/ws_mobile/install/mobile_robot/share/mobile_robot/cmake/mobile_robotConfig-version.cmake
[0.609s] -- Installing: /home/mene/ws_mobile/install/mobile_robot/share/mobile_robot/package.xml
[0.612s] Invoked command in '/home/mene/ws_mobile/build/mobile_robot' returned '0': CMAKE_PREFIX_PATH=${CMAKE_PREFIX_PATH}:/opt/ros/jazzy /usr/bin/cmake --install /home/mene/ws_mobile/build/mobile_robot
