[0.016s] Invoking command in '/home/mene/ws_mobile/build/mobile_robot': CMAKE_PREFIX_PATH=${CMAKE_PREFIX_PATH}:/opt/ros/jazzy /usr/bin/cmake --build /home/mene/ws_mobile/build/mobile_robot -- -j4 -l4
[0.068s] Invoked command in '/home/mene/ws_mobile/build/mobile_robot' returned '0': CMAKE_PREFIX_PATH=${CMAKE_PREFIX_PATH}:/opt/ros/jazzy /usr/bin/cmake --build /home/mene/ws_mobile/build/mobile_robot -- -j4 -l4
[0.143s] Invoking command in '/home/mene/ws_mobile/build/mobile_robot': CMAKE_PREFIX_PATH=${CMAKE_PREFIX_PATH}:/opt/ros/jazzy /usr/bin/cmake --install /home/mene/ws_mobile/build/mobile_robot
[0.181s] -- Install configuration: ""
[0.182s] -- Up-to-date: /home/mene/ws_mobile/install/mobile_robot/share/mobile_robot/launch
[0.183s] -- Up-to-date: /home/mene/ws_mobile/install/mobile_robot/share/mobile_robot/launch/gazebo_model.launch.py
[0.184s] -- Up-to-date: /home/mene/ws_mobile/install/mobile_robot/share/mobile_robot/model
[0.184s] -- Installing: /home/mene/ws_mobile/install/mobile_robot/share/mobile_robot/model/robot.gazebo
[0.186s] -- Up-to-date: /home/mene/ws_mobile/install/mobile_robot/share/mobile_robot/model/robot.xacro
[0.186s] -- Up-to-date: /home/mene/ws_mobile/install/mobile_robot/share/mobile_robot/parameters
[0.187s] -- Up-to-date: /home/mene/ws_mobile/install/mobile_robot/share/mobile_robot/parameters/bridge_parameters.yaml
[0.187s] -- Up-to-date: /home/mene/ws_mobile/install/mobile_robot/share/ament_index/resource_index/package_run_dependencies/mobile_robot
[0.188s] -- Up-to-date: /home/mene/ws_mobile/install/mobile_robot/share/ament_index/resource_index/parent_prefix_path/mobile_robot
[0.198s] -- Up-to-date: /home/mene/ws_mobile/install/mobile_robot/share/mobile_robot/environment/ament_prefix_path.sh
[0.198s] -- Up-to-date: /home/mene/ws_mobile/install/mobile_robot/share/mobile_robot/environment/ament_prefix_path.dsv
[0.199s] -- Up-to-date: /home/mene/ws_mobile/install/mobile_robot/share/mobile_robot/environment/path.sh
[0.199s] -- Up-to-date: /home/mene/ws_mobile/install/mobile_robot/share/mobile_robot/environment/path.dsv
[0.200s] -- Up-to-date: /home/mene/ws_mobile/install/mobile_robot/share/mobile_robot/local_setup.bash
[0.201s] -- Up-to-date: /home/mene/ws_mobile/install/mobile_robot/share/mobile_robot/local_setup.sh
[0.201s] -- Up-to-date: /home/mene/ws_mobile/install/mobile_robot/share/mobile_robot/local_setup.zsh
[0.201s] -- Up-to-date: /home/mene/ws_mobile/install/mobile_robot/share/mobile_robot/local_setup.dsv
[0.201s] -- Installing: /home/mene/ws_mobile/install/mobile_robot/share/mobile_robot/package.dsv
[0.202s] -- Up-to-date: /home/mene/ws_mobile/install/mobile_robot/share/ament_index/resource_index/packages/mobile_robot
[0.202s] -- Up-to-date: /home/mene/ws_mobile/install/mobile_robot/share/mobile_robot/cmake/mobile_robotConfig.cmake
[0.202s] -- Up-to-date: /home/mene/ws_mobile/install/mobile_robot/share/mobile_robot/cmake/mobile_robotConfig-version.cmake
[0.202s] -- Up-to-date: /home/mene/ws_mobile/install/mobile_robot/share/mobile_robot/package.xml
[0.203s] Invoked command in '/home/mene/ws_mobile/build/mobile_robot' returned '0': CMAKE_PREFIX_PATH=${CMAKE_PREFIX_PATH}:/opt/ros/jazzy /usr/bin/cmake --install /home/mene/ws_mobile/build/mobile_robot
